Hello!
1;1648386709.5459;sonar front;0.93
1;1648386709.5459;sonar left;0.24
1;1648386709.5467;sonar right;0.28
1;1648386709.5519;sonar front;0.95
1;1648386709.5529;sonar left;0.21
1;1648386709.553;sonar right;0.28
1.1000000238419;1648386709.6486;robot pose;2.4853115081787;1.3749883174896;-179.9842136116
1.1000000238419;1648386709.6489;marks;2;0;0;0;0;0;0;0;0;0;0;0;0;0;0;0;0;0;0;0;0;0;0;0;0;0;0;0;0;0;0;0;0;0;0;0;0;0;0;0;0;0;0;0;0;0;0;0;2
1.1000000238419;1648386709.6519;sonar front;0.96
1.1000000238419;1648386709.6519;sonar left;0.19
1.1000000238419;1648386709.6529;sonar right;0.22
1.2000000476837;1648386709.7599;sonar front;0.91
1.2000000476837;1648386709.7599;sonar left;0.18
1.2000000476837;1648386709.761;sonar right;0.22
1.2999999523163;1648386709.8879;sonar front;0.93
1.2999999523163;1648386709.8889;sonar left;0.2
1.2999999523163;1648386709.8889;sonar right;0.32
1.3999999761581;1648386710.0059;sonar front;0.93
1.3999999761581;1648386710.0063;sonar left;0.25
1.3999999761581;1648386710.0063;sonar right;0.26
1.5;1648386710.1379;sonar front;0.92
1.5;1648386710.1379;sonar left;0.2
1.5;1648386710.1379;sonar right;0.26
1.6000000238419;1648386710.2511;sonar front;0.88
1.6000000238419;1648386710.2519;sonar left;0.2
1.6000000238419;1648386710.2519;sonar right;0.27
1.6000000238419;1648386710.2579;battery;92.085627025782
1.7000000476837;1648386710.376;robot pose;2.4625692367554;1.3750581741333;179.94920206191
1.7000000476837;1648386710.376;marks;2;0;0;0;0;0;0;0;0;0;0;0;0;0;0;0;0;0;0;0;0;0;0;0;0;0;0;0;0;0;0;0;0;0;0;0;0;0;0;0;0;0;0;0;0;0;0;0;2
1.7000000476837;1648386710.3809;sonar front;0.91
1.7000000476837;1648386710.3809;sonar left;0.15
1.7000000476837;1648386710.3819;sonar right;0.26
1.7999999523163;1648386710.4969;sonar front;0.94
1.7999999523163;1648386710.4969;sonar left;0.14
1.7999999523163;1648386710.4973;sonar right;0.25
1.8999999761581;1648386710.614;sonar front;0.87
1.8999999761581;1648386710.614;sonar left;0.2
1.8999999761581;1648386710.6149;sonar right;0.27
2;1648386710.7259;sonar front;0.89
2;1648386710.7259;sonar left;0.21
2;1648386710.7269;sonar right;0.28
2.0999999046326;1648386710.838;sonar front;5.4
2.0999999046326;1648386710.838;sonar left;0.17
2.0999999046326;1648386710.8389;sonar right;0.3
2.0999999046326;1648386710.9339;sonar front;0.9
2.0999999046326;1648386710.9339;sonar left;0.19
2.0999999046326;1648386710.935;sonar right;0.22
2.2000000476837;1648386710.943;sonar front;0.83
2.2000000476837;1648386710.943;sonar left;0.19
2.2000000476837;1648386711.033;sonar right;0.25
2.2999999523163;1648386711.0409;robot pose;2.4395167827606;1.3751012086868;179.91865745594
2.2999999523163;1648386711.0409;marks;2;0;0;0;0;0;0;0;0;0;0;0;0;0;0;0;0;0;0;0;0;0;0;0;0;0;0;0;0;0;0;0;0;0;0;0;0;0;0;0;0;0;0;0;0;0;0;0;2
2.2999999523163;1648386711.132;sonar front;0.92
2.2999999523163;1648386711.1324;sonar left;0.27
2.2999999523163;1648386711.1329;sonar right;0.26
2.4000000953674;1648386711.2326;sonar front;0.88
2.4000000953674;1648386711.2329;sonar left;0.2
2.4000000953674;1648386711.2329;sonar right;0.25
2.5;1648386711.2399;sonar front;0.9
2.5;1648386711.2399;sonar left;0.2
2.5;1648386711.2409;sonar right;0.26
2.5999999046326;1648386711.3449;sonar front;0.88
2.5999999046326;1648386711.3459;sonar left;0.23
2.5999999046326;1648386711.3459;sonar right;0.27
2.7000000476837;1648386711.456;sonar front;0.85
2.7000000476837;1648386711.4569;sonar left;0.25
2.7000000476837;1648386711.4569;sonar right;0.24
2.7000000476837;1648386711.5609;battery;92.059897661153
2.7999999523163;1648386711.5659;sonar front;0.88
2.7999999523163;1648386711.5659;sonar left;0.22
2.7999999523163;1648386711.5659;sonar right;0.23
2.9000000953674;1648386711.6709;robot pose;2.4164402484894;1.3751367330551;179.90281141707
2.9000000953674;1648386711.6709;marks;2;0;0;0;0;0;0;0;0;0;0;0;0;0;0;0;0;0;0;0;0;0;0;0;0;0;0;0;0;0;0;0;0;0;0;0;0;0;0;0;0;0;0;0;0;0;0.04;0;2.04
2.9000000953674;1648386711.6759;sonar front;0.83
2.9000000953674;1648386711.6759;sonar left;0.2
2.9000000953674;1648386711.7699;sonar right;0.28
3;1648386711.7779;sonar front;0.86
3;1648386711.7779;sonar left;0.25
3;1648386711.7789;sonar right;0.27
3.0999999046326;1648386711.8789;sonar front;0.89
3.0999999046326;1648386711.8799;sonar left;0.17
3.0999999046326;1648386711.8799;sonar right;0.32
3.2000000476837;1648386711.9799;sonar front;0.89
3.2000000476837;1648386711.9799;sonar left;0.23
3.2000000476837;1648386711.9809;sonar right;0.2
3.2999999523163;1648386712.0959;sonar front;0.91
3.2999999523163;1648386712.0966;sonar left;0.22
3.2999999523163;1648386712.0969;sonar right;0.27
3.2999999523163;1648386712.2002;sonar front;0.87
3.2999999523163;1648386712.201;sonar left;0.21
3.2999999523163;1648386712.201;sonar right;0.27
3.4000000953674;1648386712.208;sonar front;1.37
3.4000000953674;1648386712.2089;sonar left;0.2
3.4000000953674;1648386712.2089;sonar right;0.27
3.5;1648386712.3044;robot pose;2.39337849617;1.3751876354218;179.88125534005
3.5;1648386712.3044;marks;2;0;0;0;0;0;0;0;0;0;0;0;0;0;0;0;0;0;0;0;0;0;0;0;0;0;0;0;0;0;0;0;0;0;0;0;0;0;0;0;0;0;0;0;0;0;0.86;0;2.86
3.5;1648386712.3082;sonar front;0.85
3.5;1648386712.3089;sonar left;0.23
3.5;1648386712.3089;sonar right;0.3
3.5999999046326;1648386712.4039;sonar front;0.86
3.5999999046326;1648386712.4039;sonar left;0.17
3.5999999046326;1648386712.4039;sonar right;0.24
3.7000000476837;1648386712.4979;sonar front;0.8
3.7000000476837;1648386712.4979;sonar left;0.22
3.7000000476837;1648386712.4987;sonar right;0.25
3.7999999523163;1648386712.5909;sonar front;0.81
3.7999999523163;1648386712.5909;sonar left;0.26
3.7999999523163;1648386712.5909;sonar right;0.25
3.7999999523163;1648386712.5969;battery;92.034165426604
3.9000000953674;1648386712.6982;sonar front;0.86
3.9000000953674;1648386712.6982;sonar left;0.24
3.9000000953674;1648386712.6982;sonar right;0.25
3.9000000953674;1648386712.7049;sonar front;0.81
3.9000000953674;1648386712.7059;sonar left;0.18
3.9000000953674;1648386712.7059;sonar right;0.32
4;1648386712.793;sonar front;0.76
4;1648386712.7939;sonar left;0.19
4;1648386712.7939;sonar right;0.28
4.0999999046326;1648386712.8989;robot pose;2.3702988624573;1.3752372264862;179.86885171651
4.0999999046326;1648386712.8989;marks;2;0;0;0;0;0;0;0;0;0;0;0;0;0;0;0;0;0;0;0;0;0;0;0;0;0;0;0;0;0;0;0;0;0;0;0;0;0;0;0;0;0;0;0;0;0;1.7;0;3.7
4.0999999046326;1648386712.9039;sonar front;0.79
4.0999999046326;1648386712.9039;sonar left;0.18
4.0999999046326;1648386712.9049;sonar right;0.24
4.1999998092651;1648386712.9959;sonar front;0.8
4.1999998092651;1648386712.9959;sonar left;0.16
4.1999998092651;1648386712.9959;sonar right;0.24
4.3000001907349;1648386713.0909;sonar front;0.78
4.3000001907349;1648386713.0909;sonar left;0.19
4.3000001907349;1648386713.0909;sonar right;0.29
4.4000000953674;1648386713.1811;sonar front;0.84
4.4000000953674;1648386713.1811;sonar left;0.21
4.4000000953674;1648386713.1819;sonar right;0.25
4.5;1648386713.2829;sonar front;0.76
4.5;1648386713.2829;sonar left;0.22
4.5;1648386713.2829;sonar right;0.26
4.5999999046326;1648386713.3789;sonar front;0.82
4.5999999046326;1648386713.3789;sonar left;0.22
4.5999999046326;1648386713.38;sonar right;8.44
4.5999999046326;1648386713.469;sonar front;0.82
4.5999999046326;1648386713.469;sonar left;0.25
4.5999999046326;1648386713.469;sonar right;0.22
4.6999998092651;1648386713.4763;robot pose;2.347220659256;1.3752921819687;179.85637979109
4.6999998092651;1648386713.4763;marks;2;0;0;0;0;0;0;0;0;0;0;0;0;0;0;0;0;0;0;0;0;0;0;0;0;0;0;0;0;0;0;0;0;0;0;0;0;0;0;0;0;0;0;0;0;0;2;0;4
4.6999998092651;1648386713.5639;sonar front;0.8
4.6999998092651;1648386713.5639;sonar left;0.23
4.6999998092651;1648386713.565;sonar right;0.29
4.8000001907349;1648386713.6582;sonar front;0.8
4.8000001907349;1648386713.6589;sonar left;0.21
4.8000001907349;1648386713.659;sonar right;0.22
4.8000001907349;1648386713.6649;battery;92.008435322576
5;1648386713.7519;sonar front;0.76
5;1648386713.7519;sonar left;0.17
5;1648386713.7519;sonar right;0.27
5.0999999046326;1648386713.8519;sonar front;0.79
5.0999999046326;1648386713.8519;sonar left;0.24
5.0999999046326;1648386713.8529;sonar right;0.28
5.0999999046326;1648386713.8589;sonar front;0.77
5.0999999046326;1648386713.8593;sonar left;0.26
5.0999999046326;1648386713.8593;sonar right;0.3
5.1999998092651;1648386713.9439;sonar front;0.78
5.1999998092651;1648386713.9449;sonar left;0.19
5.1999998092651;1648386713.945;sonar right;0.25
5.3000001907349;1648386714.0436;robot pose;2.3241498470306;1.3753534555435;179.84304726183
5.3000001907349;1648386714.0436;marks;2;0;0;0;0;0;0;0;0;0;0;0;0;0;0;0;0;0;0;0;0;0;0;0;0;0;0;0;0;0;0;0;0;0;0;0;0;0;0;0;0;0;0;0;0;0;2;0;4
5.3000001907349;1648386714.0479;sonar front;0.78
5.3000001907349;1648386714.0479;sonar left;0.2
5.3000001907349;1648386714.0479;sonar right;0.28
5.4000000953674;1648386714.1379;sonar front;0.83
5.4000000953674;1648386714.1379;sonar left;0.27
5.4000000953674;1648386714.1379;sonar right;0.28
5.5;1648386714.236;sonar front;0.73
5.5;1648386714.236;sonar left;0.21
5.5;1648386714.2369;sonar right;0.23
5.5999999046326;1648386714.33;sonar front;0.79
5.5999999046326;1648386714.3309;sonar left;0.2
5.5999999046326;1648386714.3311;sonar right;0.25
5.6999998092651;1648386714.425;sonar front;0.76
5.6999998092651;1648386714.425;sonar left;0.12
5.6999998092651;1648386714.4259;sonar right;0.2
5.8000001907349;1648386714.52;sonar front;0.74
5.8000001907349;1648386714.52;sonar left;0.16
5.8000001907349;1648386714.52;sonar right;0.28
5.9000000953674;1648386714.6189;robot pose;2.3010804653168;1.3754178285599;179.83125835532
5.9000000953674;1648386714.6189;marks;2;0;0;0;0;0;0;0;0;0;0;0;0;0;0;0;0;0;0;0;0;0;0;0;0;0;0;0;0;0;0;0;0;0;0;0;0;0;0;0;0;0;0;0;0;0;2;0;4
5.9000000953674;1648386714.625;sonar front;0.71
5.9000000953674;1648386714.625;sonar left;0.21
5.9000000953674;1648386714.625;sonar right;0.29
5.9000000953674;1648386714.7119;battery;91.984851280989
6;1648386714.7169;sonar front;0.72
6;1648386714.7169;sonar left;0.15
6;1648386714.7179;sonar right;0.29
6.0999999046326;1648386714.812;sonar front;0.71
6.0999999046326;1648386714.8123;sonar left;0.2
6.0999999046326;1648386714.813;sonar right;0.23
6.1999998092651;1648386714.9069;sonar front;0.66
6.1999998092651;1648386714.9079;sonar left;0.19
6.1999998092651;1648386714.9081;sonar right;0.28
6.3000001907349;1648386715.0049;sonar front;0.75
6.3000001907349;1648386715.0049;sonar left;0.22
6.3000001907349;1648386715.0049;sonar right;0.29
6.4000000953674;1648386715.0949;sonar front;0.79
6.4000000953674;1648386715.0959;sonar left;0.2
6.4000000953674;1648386715.0962;sonar right;0.24
6.5;1648386715.188;robot pose;2.2780165672302;1.3754887580872;179.81642318444
6.5;1648386715.188;marks;2;0;0;0;0;0;0;0;0;0;0;0;0;0;0;0;0;0;0;0;0;0;0;0;0;0;0;0;0;0;0;0;0;0;0;0;0;0;0;0;0;0;0;0;0;0;2;0;4
6.5;1648386715.194;sonar front;0.78
6.5;1648386715.194;sonar left;4.34
6.5;1648386715.1949;sonar right;0.25
6.5999999046326;1648386715.2939;sonar front;0.72
6.5999999046326;1648386715.2939;sonar left;0.24
6.5999999046326;1648386715.2939;sonar right;0.29
6.6999998092651;1648386715.3959;sonar front;0.74
6.6999998092651;1648386715.3969;sonar left;0.17
6.6999998092651;1648386715.397;sonar right;0.2
6.8000001907349;1648386715.4899;sonar front;0.74
6.8000001907349;1648386715.4899;sonar left;0.25
6.8000001907349;1648386715.4909;sonar right;0.27
6.9000000953674;1648386715.5789;sonar front;0.72
6.9000000953674;1648386715.58;sonar left;0.19
6.9000000953674;1648386715.58;sonar right;0.28
7;1648386715.6749;sonar front;0.7
7;1648386715.6749;sonar left;0.2
7;1648386715.6759;sonar right;0.29
7;1648386715.7649;battery;91.96126909965
7.0999999046326;1648386715.7689;robot pose;2.2549452781677;1.3755658864975;179.80763956117
7.0999999046326;1648386715.7689;marks;2;0;0;0;0;0;0;0;0;0;0;0;0;0;0;0;0;0;0;0;0;0;0;0;0;0;0;0;0;0;0;0;0;0;0;0;0;0;0;0;0;0;0;0;0;0;2;0;4
7.0999999046326;1648386715.8554;sonar front;0.71
7.0999999046326;1648386715.8554;sonar left;0.22
7.0999999046326;1648386715.856;sonar right;0.28
7.1999998092651;1648386715.863;sonar front;0.68
7.1999998092651;1648386715.9439;sonar left;0.18
7.1999998092651;1648386715.9439;sonar right;0.23
7.3000001907349;1648386715.9516;sonar front;0.68
7.3000001907349;1648386715.9519;sonar left;0.18
7.3000001907349;1648386715.9519;sonar right;0.26
7.4000000953674;1648386716.0384;sonar front;0.69
7.4000000953674;1648386716.0389;sonar left;0.23
7.4000000953674;1648386716.0389;sonar right;0.25
7.5;1648386716.14;sonar front;0.68
7.5;1648386716.14;sonar left;0.21
7.5;1648386716.1409;sonar right;0.27
7.5999999046326;1648386716.2289;sonar front;0.7
7.5999999046326;1648386716.2299;sonar left;0.28
7.5999999046326;1648386716.2301;sonar right;0.27
7.6999998092651;1648386716.33;robot pose;2.2319040298462;1.3756425380707;179.79344642808
7.6999998092651;1648386716.33;marks;2;0;0;0;0;0;0;0;0;0;0;0;0;0;0;0;0;0;0;0;0;0;0;0;0;0;0;0;0;0;0;0;0;0;0;0;0;0;0;0;0;0;0;0;0;0;2;0;4
7.6999998092651;1648386716.3369;sonar front;0.67
7.6999998092651;1648386716.3369;sonar left;0.15
7.6999998092651;1648386716.3369;sonar right;0.3
7.8000001907349;1648386716.4289;sonar front;0.69
7.8000001907349;1648386716.4289;sonar left;0.2
7.8000001907349;1648386716.4289;sonar right;0.28
7.9000000953674;1648386716.5229;sonar front;0.69
7.9000000953674;1648386716.5239;sonar left;0.2
7.9000000953674;1648386716.5239;sonar right;0.25
8;1648386716.6119;sonar front;0.7
8;1648386716.6119;sonar left;0.21
8;1648386716.6119;sonar right;0.29
8.1000003814697;1648386716.7049;sonar front;0.68
8.1000003814697;1648386716.7049;sonar left;0.32
8.1000003814697;1648386716.706;sonar right;0.25
8.1000003814697;1648386716.7922;battery;91.93768871276
8.1999998092651;1648386716.7969;sonar front;0.66
8.1999998092651;1648386716.7969;sonar left;0.21
8.1999998092651;1648386716.7979;sonar right;0.19
8.3000001907349;1648386716.8999;robot pose;2.2088484764099;1.375728726387;179.7797450686
8.3000001907349;1648386716.8999;marks;2;0;0;0;0;0;0;0;0;0;0;0;0;0;0;0;0;0;0;0;0;0;0;0;0;0;0;0;0;0;0;0;0;0;0;0;0;0;0;0;0;0;0;0;0;0;2;0;4
8.3000001907349;1648386717.0239;sonar front;0.66
8.3000001907349;1648386717.025;sonar left;0.21
8.3000001907349;1648386717.025;sonar right;0.3
8.5;1648386717.1571;sonar front;0.66
8.5;1648386717.1579;sonar left;0.25
8.5;1648386717.158;sonar right;0.33
8.8999996185303;1648386717.6042;robot pose;2.1858041286469;1.3758207559586;179.75671367072
8.8999996185303;1648386717.6042;marks;2;0;0;0;0;0;0;0;0;0;0;0;0;0;0;0;0;0;0;0;0;0;0;0;0;0;0;0;0;0;0;0;0;0;0;0;0;0;0;0;0;0;0;0;0;0;2;0;4
8.8999996185303;1648386717.7099;sonar front;0.67
8.8999996185303;1648386717.7099;sonar left;0.16
8.8999996185303;1648386717.7109;sonar right;0.25
9.1000003814697;1648386717.8039;sonar front;0.6
9.1000003814697;1648386717.8039;sonar left;0.26
9.1000003814697;1648386717.8043;sonar right;0.26
9.1000003814697;1648386717.9171;sonar front;0.62
9.1000003814697;1648386717.918;sonar left;0.24
9.1000003814697;1648386717.918;sonar right;0.3
9.1999998092651;1648386718.0106;sonar front;0.58
9.1999998092651;1648386718.0109;sonar left;0.23
9.1999998092651;1648386718.0109;sonar right;0.27
9.1999998092651;1648386718.1259;battery;91.922683975499
9.3999996185303;1648386718.1309;sonar front;0.62
9.3999996185303;1648386718.1309;sonar left;0.24
9.3999996185303;1648386718.1319;sonar right;0.25
9.5;1648386718.2219;robot pose;2.1627609729767;1.3759198188782;179.73900982039
9.5;1648386718.2219;marks;2;0;0;0;0;0;0;0;0;0;0;0;0;0;0;0;0;0;0;0;0;0;0;0;0;0;0;0;0;0;0;0;0;0;0;0;0;0;0;0;0;0;0;0;0;0;2;0;4
9.5;1648386718.3089;sonar front;0.61
9.5;1648386718.3089;sonar left;0.2
9.5;1648386718.3101;sonar right;0.15
9.6999998092651;1648386718.4063;sonar front;0.64
9.6999998092651;1648386718.4063;sonar left;0.25
9.6999998092651;1648386718.4069;sonar right;0.28
9.8000001907349;1648386718.497;sonar front;0.59
9.8000001907349;1648386718.497;sonar left;0.21
9.8000001907349;1648386718.4979;sonar right;0.29
9.8999996185303;1648386718.5939;sonar front;0.58
9.8999996185303;1648386718.5939;sonar left;0.25
9.8999996185303;1648386718.5939;sonar right;0.22
9.8999996185303;1648386718.6019;sonar front;0.59
9.8999996185303;1648386718.6859;sonar left;0.22
9.8999996185303;1648386718.6859;sonar right;0.28
10;1648386718.6929;sonar front;0.51
10;1648386718.6929;sonar left;0.23
10;1648386718.6939;sonar right;0.2
10.10000038147;1648386718.7833;robot pose;2.1397066116333;1.3760273456573;179.72540408357
10.10000038147;1648386718.7833;marks;2;0;0;0;0;0;0;0;0;0;0;0;0;0;0;0;0;0;0;0;0;0;0;0;0;0;0;0;0;0;0;0;0;0;0;0;0;0;0;0;0;0;0;0;0;0;2;0;4
10.10000038147;1648386718.7889;sonar front;0.59
10.10000038147;1648386718.7889;sonar left;0.18
10.10000038147;1648386718.8689;sonar right;0.27
10.199999809265;1648386718.8769;sonar front;0.56
10.199999809265;1648386718.8769;sonar left;0.22
10.199999809265;1648386718.8769;sonar right;0.22
10.300000190735;1648386718.9681;sonar front;0.56
10.300000190735;1648386718.9681;sonar left;0.19
10.300000190735;1648386718.9681;sonar right;0.21
10.300000190735;1648386719.0552;battery;91.901249897988
10.39999961853;1648386719.06;sonar front;0.55
10.39999961853;1648386719.1413;sonar left;0.17
10.39999961853;1648386719.142;sonar right;0.24
10.5;1648386719.1499;sonar front;0.61
10.5;1648386719.1499;sonar left;0.23
10.5;1648386719.1509;sonar right;9.38
10.60000038147;1648386719.2429;sonar front;0.57
10.60000038147;1648386719.2429;sonar left;0.26
10.60000038147;1648386719.2439;sonar right;0.24
10.699999809265;1648386719.3395;robot pose;2.1166641712189;1.3761383295059;179.71141585614
10.699999809265;1648386719.3395;marks;2;0;0;0;0;0;0;0;0;0;0;0;0;0;0;0;0;0;0;0;0;0;0;0;0;0;0;0;0;0;0;0;0;0;0;0;0;0;0;0;0;0;0;0;0;0;2;0;4
10.699999809265;1648386719.4279;sonar front;0.56
10.699999809265;1648386719.4279;sonar left;0.22
10.699999809265;1648386719.4285;sonar right;0.26
10.800000190735;1648386719.4361;sonar front;0.56
10.800000190735;1648386719.4361;sonar left;0.17
10.800000190735;1648386719.5169;sonar right;0.29
10.89999961853;1648386719.5269;sonar front;0.54
10.89999961853;1648386719.5269;sonar left;0.21
10.89999961853;1648386719.609;sonar right;0.26
11;1648386719.618;sonar front;0.59
11;1648386719.7009;sonar left;0.24
11;1648386719.7014;sonar right;0.24
11.199999809265;1648386719.8039;sonar front;0.52
11.199999809265;1648386719.8039;sonar left;0.17
11.199999809265;1648386719.8049;sonar right;0.25
11.199999809265;1648386719.8939;sonar front;0.55
11.199999809265;1648386719.8949;sonar left;0.25
11.199999809265;1648386719.8949;sonar right;0.29
11.39999961853;1648386719.9869;robot pose;2.0897464752197;1.3762794733047;179.69903955337
11.39999961853;1648386719.9869;marks;2;0;0;0;0;0;0;0;0;0;0;0;0;0;0;0;0;0;0;0;0;0;0;0;0;0;0;0;0;0;0;0;0;0;0;0;0;0;0;0;0;0;0;0;0;0;2;0;4
11.39999961853;1648386719.993;sonar front;0.58
11.39999961853;1648386719.993;sonar left;0.2
11.39999961853;1648386719.993;sonar right;0.27
11.39999961853;1648386720.0879;battery;91.879817335365
11.5;1648386720.0929;sonar front;0.55
11.5;1648386720.0929;sonar left;0.25
11.5;1648386720.1762;sonar right;0.24
11.699999809265;1648386720.27;sonar front;0.52
11.699999809265;1648386720.2709;sonar left;0.17
11.699999809265;1648386720.2712;sonar right;0.24
11.800000190735;1648386720.3684;sonar front;0.47
11.800000190735;1648386720.3684;sonar left;0.2
11.800000190735;1648386720.3689;sonar right;0.19
11.800000190735;1648386720.376;sonar front;0.55
11.800000190735;1648386720.456;sonar left;0.18
11.800000190735;1648386720.456;sonar right;0.26
11.89999961853;1648386720.4649;sonar front;0.48
11.89999961853;1648386720.4649;sonar left;0.2
11.89999961853;1648386720.5514;sonar right;0.21
12;1648386720.5599;robot pose;2.0667209625244;1.3764011859894;179.6801609105
12;1648386720.5599;marks;2;0;0;0;0;0;0;0;0;0;0;0;0;0;0;0;0;0;0;0;0;0;0;0;0;0;0;0;0;0;0;0;0;0;0;0;0;0;0;0;0;0;0;0;0;0;2;0;4
12;1648386720.6479;sonar front;0.49
12;1648386720.6489;sonar left;0.18
12;1648386720.6493;sonar right;7.72
12.199999809265;1648386720.7399;sonar front;0.52
12.199999809265;1648386720.7399;sonar left;0.18
12.199999809265;1648386720.7409;sonar right;0.27
12.300000190735;1648386720.832;sonar front;0.49
12.300000190735;1648386720.832;sonar left;0.21
12.300000190735;1648386720.8326;sonar right;0.26
12.39999961853;1648386720.925;sonar front;0.55
12.39999961853;1648386720.925;sonar left;0.2
12.39999961853;1648386720.925;sonar right;0.32
12.5;1648386721.016;sonar front;0.49
12.5;1648386721.0169;sonar left;0.21
12.5;1648386721.0172;sonar right;0.24
12.5;1648386721.1049;battery;91.858386258276
12.60000038147;1648386721.1119;robot pose;2.0436851978302;1.3765307664871;179.66777094735
12.60000038147;1648386721.1119;marks;2;0;0;0;0;0;0;0;0;0;0;0;0;0;0;0;0;0;0;0;0;0;0;0;0;0;0;0;0;0;0;0;0;0;0;0;0;0;0;0;0;0;0;0;0;0;2;0;4
12.60000038147;1648386721.201;sonar front;0.49
12.60000038147;1648386721.201;sonar left;0.22
12.60000038147;1648386721.2019;sonar right;0.31
12.800000190735;1648386721.293;sonar front;0.49
12.800000190735;1648386721.293;sonar left;0.19
12.800000190735;1648386721.2939;sonar right;0.22
12.89999961853;1648386721.3859;sonar front;0.44
12.89999961853;1648386721.3859;sonar left;0.17
12.89999961853;1648386721.3866;sonar right;0.28
13;1648386721.4779;sonar front;0.45
13;1648386721.4779;sonar left;0.19
13;1648386721.4789;sonar right;0.24
13.10000038147;1648386721.57;sonar front;0.45
13.10000038147;1648386721.57;sonar left;0.18
13.10000038147;1648386721.5709;sonar right;0.28
13.199999809265;1648386721.6609;robot pose;2.02068400383;1.3766672611237;179.63782739803
13.199999809265;1648386721.6609;marks;2;0;0;0;0;0;0;0;0;0;0;0;0;0;0;0;0;0;0;0;0;0;0;0;0;0;0;0;0;0;0;0;0;0;0;0;0;0;0;0;0;0;0;0;0;0;2;0;4
13.199999809265;1648386721.7589;sonar front;0.4
13.199999809265;1648386721.7589;sonar left;0.22
13.199999809265;1648386721.7589;sonar right;0.26
13.39999961853;1648386721.8513;sonar front;0.4
13.39999961853;1648386721.852;sonar left;0.13
13.39999961853;1648386721.852;sonar right;0.24
13.5;1648386721.9419;sonar front;0.48
13.5;1648386721.9419;sonar left;0.18
13.5;1648386721.9429;sonar right;0.25
13.60000038147;1648386722.033;sonar front;0.45
13.60000038147;1648386722.033;sonar left;0.21
13.60000038147;1648386722.033;sonar right;0.23
13.60000038147;1648386722.1259;battery;91.839099584908
13.699999809265;1648386722.132;sonar front;1.2
13.699999809265;1648386722.132;sonar left;0.22
13.699999809265;1648386722.1325;sonar right;0.21
13.800000190735;1648386722.225;robot pose;1.9976521730423;1.3768148422241;179.62497298201
13.800000190735;1648386722.225;marks;2;0;0;0;0;0;0;0;0;0;0;0;0;0;0;0;0;0;0;0;0;0;0;0;0;0;0;0;0;0;0;0;0;0;0;0;0;0;0;0;0;0;0;0;0;0;2;0;4
13.800000190735;1648386722.3139;sonar front;0.42
13.800000190735;1648386722.3149;sonar left;0.16
13.800000190735;1648386722.3155;sonar right;0.26
13.89999961853;1648386722.4029;sonar front;0.41
13.89999961853;1648386722.4039;sonar left;0.19
13.89999961853;1648386722.4039;sonar right;0.24
14;1648386722.4119;sonar front;0.5
14;1648386722.4119;sonar left;0.26
14;1648386722.4941;sonar right;0.28
14.10000038147;1648386722.5029;sonar front;0.45
14.10000038147;1648386722.5849;sonar left;0.2
14.10000038147;1648386722.5859;sonar right;0.24
14.199999809265;1648386722.5939;sonar front;0.4
14.199999809265;1648386722.6751;sonar left;0.26
14.199999809265;1648386722.6751;sonar right;0.19
14.300000190735;1648386722.6829;sonar front;0.42
14.300000190735;1648386722.6839;sonar left;0.19
14.300000190735;1648386722.6842;sonar right;0.27
14.39999961853;1648386722.7725;robot pose;1.9746199846268;1.3769669532776;179.61054762248
14.39999961853;1648386722.7725;marks;2;0;0;0;0;0;0;0;0;0;0;0;0;0;0;0;0;0;0;0;0;0;0;0;0;0;0;0;0;0;0;0;0;0;0;0;0;0;0;0;0;0;0;0;0;0;2;0;4
14.39999961853;1648386722.778;sonar front;0.38
14.39999961853;1648386722.8599;sonar left;0.19
14.39999961853;1648386722.8599;sonar right;0.27
14.60000038147;1648386722.9509;sonar front;0.43
14.60000038147;1648386722.9519;sonar left;0.16
14.60000038147;1648386722.9519;sonar right;0.22
14.699999809265;1648386723.0459;sonar front;0.42
14.699999809265;1648386723.0459;sonar left;0.22
14.699999809265;1648386723.0459;sonar right;0.29
14.699999809265;1648386723.1361;battery;91.817671372935
14.800000190735;1648386723.1419;sonar front;0.46
14.800000190735;1648386723.2231;sonar left;0.22
14.800000190735;1648386723.2231;sonar right;0.25
14.89999961853;1648386723.2309;sonar front;0.42
14.89999961853;1648386723.2319;sonar left;0.16
14.89999961853;1648386723.2321;sonar right;0.24
15;1648386723.3209;robot pose;1.9515491724014;1.3771288394928;179.59729705549
15;1648386723.3209;marks;2;0;0;0;0;0;0;0;0;0;0;0;0;0;0;0;0;0;0;0;0;0;0;0;0;0;0;0;0;0;0;0;0;0;0;0;0;0;0;0;0;0;0;0;0;0;2;0;4
15;1648386723.408;sonar front;0.36
15;1648386723.408;sonar left;0.22
15;1648386723.408;sonar right;0.24
15.10000038147;1648386723.5019;sonar front;0.39
15.10000038147;1648386723.5019;sonar left;0.2
15.10000038147;1648386723.5029;sonar right;0.24
15.199999809265;1648386723.5932;sonar front;0.4
15.199999809265;1648386723.594;sonar left;0.18
15.199999809265;1648386723.594;sonar right;0.27
15.300000190735;1648386723.6029;sonar front;0.43
15.300000190735;1648386723.6832;sonar left;0.24
15.300000190735;1648386723.6832;sonar right;0.32
15.39999961853;1648386723.7749;sonar front;0.31
15.39999961853;1648386723.7749;sonar left;0.2
15.39999961853;1648386723.7759;sonar right;1.21
15.60000038147;1648386723.8679;robot pose;1.9285348653793;1.3772921562195;179.57990739387
15.60000038147;1648386723.8679;marks;2;0;0;0;0;0;0;0;0;0;0;0;0;0;0;0;0;0;0;0;0;0;0;0;0;0;0;0;0;0;0;0;0;0;0;0;0;0;0;0;0;0;0;0;0;0;2;0;4
15.60000038147;1648386723.8743;sonar front;0.34
15.60000038147;1648386723.8749;sonar left;0.21
15.60000038147;1648386723.8749;sonar right;0.23
15.699999809265;1648386723.9649;sonar front;0.36
15.699999809265;1648386723.9649;sonar left;0.22
15.699999809265;1648386723.9659;sonar right;0.19
15.800000190735;1648386724.0551;sonar front;0.37
15.800000190735;1648386724.0559;sonar left;0.2
15.800000190735;1648386724.0559;sonar right;0.23
15.800000190735;1648386724.243;battery;91.7962446609
16;1648386724.3332;sonar front;0.38
16;1648386724.3339;sonar left;0.21
16;1648386724.3346;sonar right;0.25
16.10000038147;1648386724.422;sonar front;0.37
16.10000038147;1648386724.422;sonar left;0.24
16.10000038147;1648386724.4229;sonar right;0.26
16.200000762939;1648386724.5209;robot pose;1.9054992198944;1.3774657249451;179.56743546844
16.200000762939;1648386724.5209;marks;2;0;0;0;0;0;0;0;0;0;0;0;0;0;0;0;0;0;0;0;0;0;0;0;0;0;0;0;0;0;0;0;0;0;0;0;0;0;0;0;0;0;0;0;0;0;2;0;4
16.200000762939;1648386724.5279;sonar front;0.32
16.200000762939;1648386724.529;sonar left;0.18
16.200000762939;1648386724.5291;sonar right;0.23
16.299999237061;1648386724.622;sonar front;0.35
16.299999237061;1648386724.6224;sonar left;0.17
16.299999237061;1648386724.6224;sonar right;0.24
16.39999961853;1648386724.716;sonar front;0.39
16.39999961853;1648386724.7165;sonar left;0.14
16.39999961853;1648386724.7165;sonar right;0.28
16.5;1648386724.8089;sonar front;0.4
16.5;1648386724.8089;sonar left;0.19
16.5;1648386724.8099;sonar right;0.31
16.60000038147;1648386724.9031;sonar front;0.29
16.60000038147;1648386724.9039;sonar left;0.2
16.60000038147;1648386724.9039;sonar right;0.23
16.700000762939;1648386724.9999;sonar front;0.27
16.700000762939;1648386724.9999;sonar left;0.23
16.700000762939;1648386724.9999;sonar right;0.2
16.799999237061;1648386725.0959;robot pose;1.8824574947357;1.3776426315308;179.55631592047
16.799999237061;1648386725.0959;marks;2;0;0;0;0;0;0;0;0;0;0;0;0;0;0;0;0;0;0;0;0;0;0;0;0;0;0;0;0;0;0;0;0;0;0;0;0;0;0;0;0;0;0;0;0;0;2;0;4
16.799999237061;1648386725.1869;sonar front;0.29
16.799999237061;1648386725.1872;sonar left;0.24
16.799999237061;1648386725.1872;sonar right;0.23
17;1648386725.2799;sonar front;2.47
17;1648386725.2799;sonar left;0.2
17;1648386725.2799;sonar right;0.26
17;1648386725.3699;battery;91.774819433759
17.10000038147;1648386725.377;sonar front;0.32
17.10000038147;1648386725.377;sonar left;0.21
17.10000038147;1648386725.377;sonar right;0.28
17.200000762939;1648386725.481;sonar front;0.35
17.200000762939;1648386725.4819;sonar left;0.19
17.200000762939;1648386725.4819;sonar right;0.2
17.299999237061;1648386725.5831;sonar front;0.35
17.299999237061;1648386725.5831;sonar left;0.2
17.299999237061;1648386725.5831;sonar right;0.27
17.39999961853;1648386725.6779;robot pose;1.8594335317612;1.3777264356613;-178.98498425678
17.39999961853;1648386725.6779;marks;2;0;0;0;0;0;0;0;0;0;0;0;0;0;0;0;0;0;0;0;0;0;0;0;0;0;0;0;0;0;0;0;0;0;0;0;0;0;0;0;0;0;0;0;0;0;2;0;4
17.39999961853;1648386725.7669;sonar front;0.3
17.39999961853;1648386725.7679;sonar left;0.16
17.39999961853;1648386725.7679;sonar right;0.24
17.60000038147;1648386725.86;sonar front;0.3
17.60000038147;1648386725.86;sonar left;0.15
17.60000038147;1648386725.8607;sonar right;0.26
17.700000762939;1648386725.9559;sonar front;0.32
17.700000762939;1648386725.9561;sonar left;0.17
17.700000762939;1648386725.9561;sonar right;0.22
17.799999237061;1648386726.0469;sonar front;0.25
17.799999237061;1648386726.0479;sonar left;0.2
17.799999237061;1648386726.048;sonar right;0.25
17.89999961853;1648386726.1419;sonar front;0.28
17.89999961853;1648386726.1424;sonar left;0.2
17.89999961853;1648386726.1424;sonar right;0.21
18;1648386726.2379;robot pose;1.8364630937576;1.376437664032;-174.56505956184
18;1648386726.2379;marks;2;0;0;0;0;0;0;0;0;0;0;0;0;0;0;0;0;0;0;0;0;0;0;0;0;0;0;0;0;0;0;0;0;0;0;0;0;0;0;0;0;0;0;0;0;0;2;0;4
18;1648386726.326;sonar front;0.27
18;1648386726.326;sonar left;0.18
18;1648386726.3269;sonar right;0.28
18.200000762939;1648386726.4219;sonar front;0.29
18.200000762939;1648386726.4229;sonar left;0.19
18.200000762939;1648386726.4231;sonar right;0.22
18.200000762939;1648386726.5139;battery;91.753395721227
18.39999961853;1648386726.605;sonar front;0.28
18.39999961853;1648386726.605;sonar left;0.18
18.39999961853;1648386726.6059;sonar right;0.25
18.5;1648386726.6952;sonar front;0.27
18.5;1648386726.6959;sonar left;0.16
18.5;1648386726.6959;sonar right;0.21
18.60000038147;1648386726.788;robot pose;1.813661813736;1.3733640909195;-170.12226739355
18.60000038147;1648386726.788;marks;2;0;0;0;0;0;0;0;0;0;0;0;0;0;0;0;0;0;0;0;0;0;0;0;0;0;0;0;0;0;0;0;0;0;0;0;0;0;0;0;0;0;0;0;0;0;2;0.08;4.08
18.60000038147;1648386726.8749;sonar front;0.29
18.60000038147;1648386726.8749;sonar left;0.22
18.60000038147;1648386726.8749;sonar right;0.29
18.799999237061;1648386726.9669;sonar front;0.22
18.799999237061;1648386726.9679;sonar left;0.21
18.799999237061;1648386726.9679;sonar right;0.21
18.89999961853;1648386727.0589;sonar front;4.54
18.89999961853;1648386727.0599;sonar left;0.16
18.89999961853;1648386727.06;sonar right;0.25
19;1648386727.1519;sonar front;0.29
19;1648386727.1519;sonar left;0.18
19;1648386727.1519;sonar right;0.3
19.10000038147;1648386727.2439;sonar front;0.24
19.10000038147;1648386727.2449;sonar left;0.18
19.10000038147;1648386727.245;sonar right;0.28
19.200000762939;1648386727.3429;robot pose;1.791063785553;1.3699277639389;-170.17980490712
19.200000762939;1648386727.3429;marks;2;0;0;0;0;0;0;0;0;0;0;0;0;0;0;0;0;0;0;0;0;0;0;0;0;0;0;0;0;0;0;0;0;0;0;0;0;0;0;0;0;0;0;0;0;0;2;0.89;4.89
19.200000762939;1648386727.4349;sonar front;0.25
19.200000762939;1648386727.4359;sonar left;0.09
19.200000762939;1648386727.4362;sonar right;0.28
19.39999961853;1648386727.5329;sonar front;0.17
19.39999961853;1648386727.5329;sonar left;0.26
19.39999961853;1648386727.5329;sonar right;0.35
19.39999961853;1648386727.5335;sonar back;0.93
19.39999961853;1648386727.6259;battery;91.734115662183
19.5;1648386727.633;sonar front;0.25
19.5;1648386727.633;sonar left;0.21
19.5;1648386727.6336;sonar right;0.24
19.60000038147;1648386727.727;sonar front;0.22
19.60000038147;1648386727.728;sonar left;0.19
19.60000038147;1648386727.728;sonar right;0.28
19.700000762939;1648386727.824;sonar front;0.2
19.700000762939;1648386727.8249;sonar left;0.2
19.700000762939;1648386727.8249;sonar right;0.25
19.799999237061;1648386727.9199;robot pose;1.7684477567673;1.3660165071487;-171.66005716443
19.799999237061;1648386727.9199;marks;2;0;0;0;0;0;0;0;0;0;0;0;0;0;0;0;0;0;0;0;0;0;0;0;0;0;0;0;0;0;0;0;0;0;0;0;0;0;0;0;0;0;0;0;0;0;2;1.76;5.76
19.799999237061;1648386728.0079;sonar front;0.18
19.799999237061;1648386728.0079;sonar left;0.23
19.799999237061;1648386728.0089;sonar right;0.24
20;1648386728.1059;sonar front;0.24
20;1648386728.1059;sonar left;0.22
20;1648386728.1069;sonar right;0.24
20.10000038147;1648386728.1989;sonar front;7.77
20.10000038147;1648386728.1996;sonar left;0.16
20.10000038147;1648386728.1999;sonar right;0.28
20.200000762939;1648386728.2919;sonar front;0.22
20.200000762939;1648386728.2919;sonar left;0.22
20.200000762939;1648386728.2922;sonar right;0.31
20.299999237061;1648386728.3861;sonar front;0.2
20.299999237061;1648386728.3869;sonar left;0.2
20.299999237061;1648386728.3869;sonar right;0.25
20.39999961853;1648386728.4809;robot pose;1.7453075647354;1.3631566762924;-172.83124336179
20.39999961853;1648386728.4819;marks;2;0;0;0;0;0;0;0;0;0;0;0;0;0;0;0;0;0;0;0;0;0;0;0;0;0;0;0;0;0;0;0;0;0;0;0;0;0;0;0;0;0;0;0;0;0;2;2;6
20.39999961853;1648386728.5721;sonar front;0.25
20.39999961853;1648386728.5721;sonar left;0.24
20.39999961853;1648386728.573;sonar right;0.25
20.60000038147;1648386728.667;sonar front;0.18
20.60000038147;1648386728.667;sonar left;0.2
20.60000038147;1648386728.6679;sonar right;0.25
20.60000038147;1648386728.7632;battery;91.712573520391
20.799999237061;1648386728.8559;sonar front;0.2
20.799999237061;1648386728.857;sonar left;0.2
20.799999237061;1648386728.857;sonar right;0.28
20.89999961853;1648386728.953;sonar front;0.18
20.89999961853;1648386728.9539;sonar left;0.19
20.89999961853;1648386728.9539;sonar right;0.24
21;1648386729.048;robot pose;1.721559882164;1.3603503704071;-173.71878546329
21;1648386729.048;marks;2;0;0;0;0;0;0;0;0;0;0;0;0;0;0;0;0;0;0;0;0;0;0;0;0;0;0;0;0;0;0;0;0;0;0;0;0;0;0;0;0;0;0;0;0;0;2;2;6
21;1648386729.1369;sonar front;0.19
21;1648386729.1369;sonar left;0.24
21;1648386729.1379;sonar right;0.3
21.200000762939;1648386729.231;sonar front;0.21
21.200000762939;1648386729.231;sonar left;0.18
21.200000762939;1648386729.231;sonar right;0.29
21.299999237061;1648386729.3289;sonar front;0.18
21.299999237061;1648386729.3289;sonar left;0.17
21.299999237061;1648386729.3289;sonar right;0.27
21.39999961853;1648386729.4219;sonar front;0.15
21.39999961853;1648386729.4225;sonar left;0.15
21.39999961853;1648386729.4229;sonar right;0.31
21.5;1648386729.513;sonar front;0.18
21.5;1648386729.5139;sonar left;0.2
21.5;1648386729.5139;sonar right;0.31
21.60000038147;1648386729.6081;robot pose;1.6988365650177;1.356956243515;-169.28544627682
21.60000038147;1648386729.6081;marks;2;0;0;0;0;0;0;0;0;0;0;0;0;0;0;0;0;0;0;0;0;0;0;0;0;0;0;0;0;0;0;0;0;0;0;0;0;0;0;0;0;0;0;0;0;0;2;2;6
21.60000038147;1648386729.7009;sonar front;0.09
21.60000038147;1648386729.7019;sonar left;0.21
21.60000038147;1648386729.7024;sonar right;0.28
21.60000038147;1648386729.7029;sonar back;1.05
21.799999237061;1648386729.7989;sonar front;0.12
21.799999237061;1648386729.7989;sonar left;0.2
21.799999237061;1648386729.7994;sonar right;3.56
21.799999237061;1648386729.7994;sonar back;0.99
21.799999237061;1648386729.8879;battery;91.693153746107
21.89999961853;1648386729.895;sonar front;0.14
21.89999961853;1648386729.9759;sonar left;0.18
21.89999961853;1648386729.9769;sonar right;0.3
21.89999961853;1648386729.9771;sonar back;0.94
22.10000038147;1648386730.0671;sonar front;0.11
22.10000038147;1648386730.0679;sonar left;0.14
22.10000038147;1648386730.0679;sonar right;0.28
22.200000762939;1648386730.1599;robot pose;1.6828075647354;1.3540623188019;-169.46316779903
22.200000762939;1648386730.1599;marks;2;0;0;0;0;0;0;0;0;0;0;0;0;0;0;0;0;0;0;0;0;0;0;0;0;0;0;0;0;0;0;0;0;0;0;0;0;0;0;0;0;0;0;0;0;0;2;2;6
22.200000762939;1648386730.2489;sonar front;0.17
22.200000762939;1648386730.2489;sonar left;0.22
22.200000762939;1648386730.2499;sonar right;0.3
22.200000762939;1648386730.2499;sonar back;0.99
22.39999961853;1648386730.3439;sonar front;0.17
22.39999961853;1648386730.345;sonar left;0.22
22.39999961853;1648386730.345;sonar right;0.26
22.39999961853;1648386730.345;sonar back;0.96
22.5;1648386730.441;sonar front;0.14
22.5;1648386730.441;sonar left;0.14
22.5;1648386730.4413;sonar right;0.31
22.5;1648386730.4413;sonar back;1.03
22.60000038147;1648386730.5349;sonar front;0.12
22.60000038147;1648386730.5359;sonar left;0.2
22.60000038147;1648386730.5362;sonar right;0.26
22.60000038147;1648386730.5362;sonar back;1.03
22.700000762939;1648386730.6339;sonar front;0.09
22.700000762939;1648386730.6339;sonar left;0.21
22.700000762939;1648386730.6349;sonar right;0.27
22.700000762939;1648386730.6349;sonar back;0.98
22.799999237061;1648386730.7249;robot pose;1.6827044487;1.3540322780609;-169.45143353403
22.799999237061;1648386730.7249;marks;2;0;0;0;0;0;0;0;0;0;0;0;0;0;0;0;0;0;0;0;0;0;0;0;0;0;0;0;0;0;0;0;0;0;0;0;0;0;0;0;0;0;0;0;0;0;2;2;6
22.799999237061;1648386730.8149;sonar front;0.18
22.799999237061;1648386730.8149;sonar left;0.24
22.799999237061;1648386730.8154;sonar right;0.3
22.799999237061;1648386730.8154;sonar back;1
23;1648386730.9099;sonar front;0.09
23;1648386730.9099;sonar left;0.17
23;1648386730.9099;sonar right;0.32
23;1648386730.9099;sonar back;1.03
23;1648386731.0039;battery;91.678992422286
23.10000038147;1648386731.0929;sonar front;0.15
23.10000038147;1648386731.0936;sonar left;0.14
23.10000038147;1648386731.0939;sonar right;0.31
23.10000038147;1648386731.0939;sonar back;1.05
23.299999237061;1648386731.187;sonar front;0.09
23.299999237061;1648386731.187;sonar left;0.22
23.299999237061;1648386731.1881;sonar right;0.34
23.299999237061;1648386731.1881;sonar back;1.03
23.39999961853;1648386731.2769;robot pose;1.6829223632813;1.3540146350861;-169.43237730625
23.39999961853;1648386731.2769;marks;2;0;0;0;0;0;0;0;0;0;0;0;0;0;0;0;0;0;0;0;0;0;0;0;0;0;0;0;0;0;0;0;0;0;0;0;0;0;0;0;0;0;0;0;0;0;2;2;6
23.39999961853;1648386731.3699;sonar front;0.1
23.39999961853;1648386731.3699;sonar left;0.22
23.39999961853;1648386731.3709;sonar right;0.26
23.39999961853;1648386731.3712;sonar back;0.98
23.60000038147;1648386731.462;sonar front;0.11
23.60000038147;1648386731.462;sonar left;0.15
23.60000038147;1648386731.462;sonar right;0.31
23.60000038147;1648386731.4629;sonar back;1.03
23.700000762939;1648386731.6179;sonar front;0.11
23.700000762939;1648386731.6179;sonar left;0.21
23.700000762939;1648386731.6189;sonar right;0.27
23.700000762939;1648386731.6189;sonar back;7.83
23.799999237061;1648386731.7109;sonar front;0.09
23.799999237061;1648386731.7119;sonar left;0.16
23.799999237061;1648386731.7119;sonar right;0.27
23.799999237061;1648386731.7119;sonar back;1.05
23.89999961853;1648386731.806;sonar front;0.15
23.89999961853;1648386731.8069;sonar left;0.17
23.89999961853;1648386731.8069;sonar right;0.3
23.89999961853;1648386731.8072;sonar back;0.98
24;1648386731.8989;robot pose;1.6831265687943;1.3539690971375;-169.41296590863
24;1648386731.8989;marks;2;0;0;0;0;0;0;0;0;0;0;0;0;0;0;0;0;0;0;0;0;0;0;0;0;0;0;0;0;0;0;0;0;0;0;0;0;0;0;0;0;0;0;0;0;0;2;2;6
24;1648386731.9914;sonar front;0.17
24;1648386731.9914;sonar left;0.11
24;1648386731.9919;sonar right;0.27
24;1648386731.9919;sonar back;0.98
24.200000762939;1648386732.0872;sonar front;0.16
24.200000762939;1648386732.0872;sonar left;0.13
24.200000762939;1648386732.0872;sonar right;0.31
24.200000762939;1648386732.0879;sonar back;1.02
24.200000762939;1648386732.1884;battery;91.665491130638
24.39999961853;1648386732.2869;sonar front;0.13
24.39999961853;1648386732.2869;sonar left;0.2
24.39999961853;1648386732.2879;sonar right;0.29
24.39999961853;1648386732.2879;sonar back;0.99
24.60000038147;1648386732.4799;robot pose;1.6832815408707;1.3539202213287;-169.40609473832
24.60000038147;1648386732.4799;marks;2;0;0;0;0;0;0;0;0;0;0;0;0;0;0;0;0;0;0;0;0;0;0;0;0;0;0;0;0;0;0;0;0;0;0;0;0;0;0;0;0;0;0;0;0;0;2;2;6
24.60000038147;1648386732.5772;sonar front;0.09
24.60000038147;1648386732.578;sonar left;0.15
24.60000038147;1648386732.578;sonar right;0.28
24.60000038147;1648386732.5784;sonar back;1
24.89999961853;1648386732.7939;sonar front;0.12
24.89999961853;1648386732.7941;sonar left;0.16
24.89999961853;1648386732.7941;sonar right;0.33
24.89999961853;1648386732.7949;sonar back;1.02
25.10000038147;1648386732.9979;sonar front;0.08
25.10000038147;1648386732.9979;sonar left;0.21
25.10000038147;1648386732.9989;sonar right;0.28
25.10000038147;1648386732.9989;sonar back;1.03
25.299999237061;1648386733.2189;robot pose;1.6835190057755;1.3540099859238;-169.44411157124
25.299999237061;1648386733.2189;marks;2;0;0;0;0;0;0;0;0;0;0;0;0;0;0;0;0;0;0;0;0;0;0;0;0;0;0;0;0;0;0;0;0;0;0;0;0;0;0;0;0;0;0;0;0;0;2;2;6
25.299999237061;1648386733.3299;sonar front;0.16
25.299999237061;1648386733.3299;sonar left;9.18
25.299999237061;1648386733.3309;sonar right;0.32
25.299999237061;1648386733.3309;sonar back;1.01
25.299999237061;1648386733.4379;battery;91.65799112819
25.60000038147;1648386733.5559;sonar front;0.09
25.60000038147;1648386733.5559;sonar left;0.2
25.60000038147;1648386733.5569;sonar right;0.31
25.60000038147;1648386733.5569;sonar back;0.97
25.799999237061;1648386733.7489;sonar front;0.13
25.799999237061;1648386733.7499;sonar left;0.18
25.799999237061;1648386733.75;sonar right;0.3
25.799999237061;1648386733.75;sonar back;1.02
26;1648386733.9369;robot pose;1.6837564706802;1.3540940284729;-169.47722432834
26;1648386733.9369;marks;2;0;0;0;0;0;0;0;0;0;0;0;0;0;0;0;0;0;0;0;0;0;0;0;0;0;0;0;0;0;0;0;0;0;0;0;0;0;0;0;0;0;0;0;0;0;2;2;6
26;1648386733.945;sonar front;0.14
26;1648386733.945;sonar left;0.21
26;1648386733.9457;sonar right;0.34
26;1648386733.9459;sonar back;1.04
26.200000762939;1648386734.1284;sonar front;0.12
26.200000762939;1648386734.1284;sonar left;0.16
26.200000762939;1648386734.1289;sonar right;0.29
26.200000762939;1648386734.1289;sonar back;1.01
26.39999961853;1648386734.3099;sonar front;0.15
26.39999961853;1648386734.311;sonar left;0.19
26.39999961853;1648386734.311;sonar right;0.31
26.39999961853;1648386734.311;sonar back;1.03
26.39999961853;1648386734.4039;battery;91.650491128113
26.60000038147;1648386734.4999;robot pose;1.6839587688446;1.3541116714478;-169.49491451829
26.60000038147;1648386734.4999;marks;2;0;0;0;0;0;0;0;0;0;0;0;0;0;0;0;0;0;0;0;0;0;0;0;0;0;0;0;0;0;0;0;0;0;0;0;0;0;0;0;0;0;0;0;0;0;2;2;6
26.60000038147;1648386734.5073;sonar front;0.13
26.60000038147;1648386734.5079;sonar left;0.19
26.60000038147;1648386734.5079;sonar right;0.25
26.60000038147;1648386734.587;sonar back;1.02
26.799999237061;1648386734.6869;sonar front;0.16
26.799999237061;1648386734.6869;sonar left;0.2
26.799999237061;1648386734.6879;sonar right;0.26
26.799999237061;1648386734.6879;sonar back;1.02
27;1648386734.8649;sonar front;0.14
27;1648386734.8657;sonar left;0.2
27;1648386734.8659;sonar right;0.29
27;1648386734.8659;sonar back;0.99
27.200000762939;1648386735.1009;robot pose;1.6840710639954;1.3540699481964;-169.51679844439
27.200000762939;1648386735.1009;marks;2;0;0;0;0;0;0;0;0;0;0;0;0;0;0;0;0;0;0;0;0;0;0;0;0;0;0;0;0;0;0;0;0;0;0;0;0;0;0;0;0;0;0;0;0;0;2;2;6
27.200000762939;1648386735.1912;sonar front;0.09
27.200000762939;1648386735.192;sonar left;0.19
27.200000762939;1648386735.192;sonar right;0.25
27.200000762939;1648386735.192;sonar back;0.99
27.5;1648386735.3739;sonar front;0.13
27.5;1648386735.375;sonar left;0.14
27.5;1648386735.3751;sonar right;0.31
27.5;1648386735.3751;sonar back;1.02
27.5;1648386735.4689;battery;91.642991128111
27.700000762939;1648386735.565;sonar front;0.14
27.700000762939;1648386735.566;sonar left;0.21
27.700000762939;1648386735.566;sonar right;0.24
27.700000762939;1648386735.566;sonar back;1.01
27.89999961853;1648386735.8119;robot pose;1.6842297315598;1.3540773391724;-169.52954357738
27.89999961853;1648386735.8119;marks;2;0;0;0;0;0;0;0;0;0;0;0;0;0;0;0;0;0;0;0;0;0;0;0;0;0;0;0;0;0;0;0;0;0;0;0;0;0;0;0;0;0;0;0;0;0;2;2;6
27.89999961853;1648386735.9032;sonar front;0.12
27.89999961853;1648386735.904;sonar left;0.17
27.89999961853;1648386735.904;sonar right;4.62
27.89999961853;1648386735.9045;sonar back;0.99
28.200000762939;1648386736.0859;sonar front;0.07
28.200000762939;1648386736.087;sonar left;0.19
28.200000762939;1648386736.087;sonar right;0.27
28.200000762939;1648386736.087;sonar back;1
28.39999961853;1648386736.27;sonar front;0.11
28.39999961853;1648386736.2711;sonar left;0.16
28.39999961853;1648386736.2711;sonar right;0.29
28.39999961853;1648386736.2711;sonar back;1.05
28.60000038147;1648386736.5121;robot pose;1.6844034194946;1.3540674448013;-169.52629240734
28.60000038147;1648386736.5129;marks;2;0;0;0;0;0;0;0;0;0;0;0;0;0;0;0;0;0;0;0;0;0;0;0;0;0;0;0;0;0;0;0;0;0;0;0;0;0;0;0;0;0;0;0;0;0;2;2;6
28.60000038147;1648386736.5199;sonar front;0.1
28.60000038147;1648386736.5199;sonar left;0.19
28.60000038147;1648386736.5209;sonar right;0.22
28.60000038147;1648386736.5209;sonar back;0.95
28.60000038147;1648386736.6103;battery;91.635491128111
28.799999237061;1648386736.7059;sonar front;0.11
28.799999237061;1648386736.7059;sonar left;0.19
28.799999237061;1648386736.7069;sonar right;0.22
28.799999237061;1648386736.7072;sonar back;0.97
29;1648386736.8879;sonar front;0.13
29;1648386736.889;sonar left;0.18
29;1648386736.889;sonar right;0.3
29;1648386736.889;sonar back;1
29.200000762939;1648386737.0669;robot pose;1.6845750808716;1.3541507720947;-169.5669320329
29.200000762939;1648386737.0669;marks;2;0;0;0;0;0;0;0;0;0;0;0;0;0;0;0;0;0;0;0;0;0;0;0;0;0;0;0;0;0;0;0;0;0;0;0;0;0;0;0;0;0;0;0;0;0;2;2;6
29.200000762939;1648386737.159;sonar front;0.16
29.200000762939;1648386737.159;sonar left;0.18
29.200000762939;1648386737.159;sonar right;0.29
29.200000762939;1648386737.1599;sonar back;1.04
29.5;1648386737.4029;sonar front;0.12
29.5;1648386737.4039;sonar left;0.22
29.5;1648386737.404;sonar right;0.27
29.5;1648386737.404;sonar back;1.03
29.700000762939;1648386737.5874;sonar front;0.11
29.700000762939;1648386737.5879;sonar left;0.18
29.700000762939;1648386737.5879;sonar right;0.26
29.700000762939;1648386737.5879;sonar back;0.97
29.700000762939;1648386737.5959;battery;91.627991128111
29.89999961853;1648386737.7881;robot pose;1.6846289634705;1.3541430234909;-169.57811988276
29.89999961853;1648386737.789;marks;2;0;0;0;0;0;0;0;0;0;0;0;0;0;0;0;0;0;0;0;0;0;0;0;0;0;0;0;0;0;0;0;0;0;0;0;0;0;0;0;0;0;0;0;0;0;2;2;6
29.89999961853;1648386737.9009;sonar front;0.17
29.89999961853;1648386737.9019;sonar left;0.22
29.89999961853;1648386737.9019;sonar right;0.25
29.89999961853;1648386737.903;sonar back;1.03
30.39999961853;1648386738.3039;sonar front;0.13
30.39999961853;1648386738.305;sonar left;0.15
30.39999961853;1648386738.3051;sonar right;0.3
30.39999961853;1648386738.3051;sonar back;0.95
